2022-May-26 16:19:09 [background-preinit] INFO  o.h.v.i.u.Version                                  - HV000001: Hibernate Validator 6.2.3.Final
2022-May-26 16:19:10 [main] INFO  c.H.p.PatientApplication                           - Starting PatientApplication using Java 13.0.2 on INBL2-DDKS5Q2 with PID 315396 (C:\Users\kuldeep.thakur\Downloads\Patient\patient\target\classes started by kuldeep.thakur in C:\Users\kuldeep.thakur\Downloads\Patient\patient)
2022-May-26 16:19:10 [main] INFO  c.H.p.PatientApplication                           - No active profile set, falling back to 1 default profile: "default"
2022-May-26 16:19:12 [main] INFO  o.s.d.r.c.RepositoryConfigurationDelegate          - Bootstrapping Spring Data JPA repositories in DEFAULT mode.
2022-May-26 16:19:13 [main] INFO  o.s.d.r.c.RepositoryConfigurationDelegate          - Finished Spring Data repository scanning in 129 ms. Found 1 JPA repository interfaces.
2022-May-26 16:19:15 [main] INFO  o.s.b.w.e.t.TomcatWebServer                        - Tomcat initialized with port(s): 8092 (http)
2022-May-26 16:19:16 [main] INFO  o.s.b.w.s.c.ServletWebServerApplicationContext     - Root WebApplicationContext: initialization completed in 5798 ms
2022-May-26 16:19:17 [main] INFO  o.h.j.i.u.LogHelper                                - HHH000204: Processing PersistenceUnitInfo [name: default]
2022-May-26 16:19:17 [main] INFO  o.h.Version                                        - HHH000412: Hibernate ORM core version 5.6.9.Final
2022-May-26 16:19:17 [main] INFO  o.h.a.c.Version                                    - HCANN000001: Hibernate Commons Annotations {5.1.2.Final}
2022-May-26 16:19:18 [main] INFO  o.h.d.Dialect                                      - HHH000400: Using dialect: org.hibernate.dialect.MySQL5InnoDBDialect
2022-May-26 16:19:20 [main] INFO  o.h.e.t.j.p.i.JtaPlatformInitiator                 - HHH000490: Using JtaPlatform implementation: [org.hibernate.engine.transaction.jta.platform.internal.NoJtaPlatform]
2022-May-26 16:19:20 [main] INFO  o.s.o.j.LocalContainerEntityManagerFactoryBean     - Initialized JPA EntityManagerFactory for persistence unit 'default'
2022-May-26 16:19:20 [main] WARN  o.s.b.w.s.c.AnnotationConfigServletWebServerApplicationContext - Exception encountered during context initialization - cancelling refresh attempt: org.springframework.beans.factory.BeanCreationException: Error creating bean with name 'homeController' defined in file [C:\Users\kuldeep.thakur\Downloads\Patient\patient\target\classes\com\Hospital\patient\Controller\HomeController.class]: Instantiation of bean failed; nested exception is org.springframework.beans.BeanInstantiationException: Failed to instantiate [com.Hospital.patient.Controller.HomeController]: Constructor threw exception; nested exception is java.lang.ClassCastException: class org.slf4j.helpers.NOPLogger cannot be cast to class java.util.logging.Logger (org.slf4j.helpers.NOPLogger is in unnamed module of loader 'app'; java.util.logging.Logger is in module java.logging of loader 'bootstrap')
2022-May-26 16:19:20 [main] INFO  o.s.o.j.LocalContainerEntityManagerFactoryBean     - Closing JPA EntityManagerFactory for persistence unit 'default'
2022-May-26 16:19:20 [main] INFO  o.s.b.a.l.ConditionEvaluationReportLoggingListener - 

Error starting ApplicationContext. To display the conditions report re-run your application with 'debug' enabled.
2022-May-26 16:19:20 [main] ERROR o.s.b.SpringApplication                            - Application run failed
org.springframework.beans.factory.BeanCreationException: Error creating bean with name 'homeController' defined in file [C:\Users\kuldeep.thakur\Downloads\Patient\patient\target\classes\com\Hospital\patient\Controller\HomeController.class]: Instantiation of bean failed; nested exception is org.springframework.beans.BeanInstantiationException: Failed to instantiate [com.Hospital.patient.Controller.HomeController]: Constructor threw exception; nested exception is java.lang.ClassCastException: class org.slf4j.helpers.NOPLogger cannot be cast to class java.util.logging.Logger (org.slf4j.helpers.NOPLogger is in unnamed module of loader 'app'; java.util.logging.Logger is in module java.logging of loader 'bootstrap')
	at org.springframework.beans.factory.support.AbstractAutowireCapableBeanFactory.instantiateBean(AbstractAutowireCapableBeanFactory.java:1334) ~[spring-beans-5.3.20.jar:5.3.20]
	at org.springframework.beans.factory.support.AbstractAutowireCapableBeanFactory.createBeanInstance(AbstractAutowireCapableBeanFactory.java:1232) ~[spring-beans-5.3.20.jar:5.3.20]
	at org.springframework.beans.factory.support.AbstractAutowireCapableBeanFactory.doCreateBean(AbstractAutowireCapableBeanFactory.java:582) ~[spring-beans-5.3.20.jar:5.3.20]
	at org.springframework.beans.factory.support.AbstractAutowireCapableBeanFactory.createBean(AbstractAutowireCapableBeanFactory.java:542) ~[spring-beans-5.3.20.jar:5.3.20]
	at org.springframework.beans.factory.support.AbstractBeanFactory.lambda$doGetBean$0(AbstractBeanFactory.java:335) ~[spring-beans-5.3.20.jar:5.3.20]
	at org.springframework.beans.factory.support.DefaultSingletonBeanRegistry.getSingleton(DefaultSingletonBeanRegistry.java:234) ~[spring-beans-5.3.20.jar:5.3.20]
	at org.springframework.beans.factory.support.AbstractBeanFactory.doGetBean(AbstractBeanFactory.java:333) ~[spring-beans-5.3.20.jar:5.3.20]
	at org.springframework.beans.factory.support.AbstractBeanFactory.getBean(AbstractBeanFactory.java:208) ~[spring-beans-5.3.20.jar:5.3.20]
	at org.springframework.beans.factory.support.DefaultListableBeanFactory.preInstantiateSingletons(DefaultListableBeanFactory.java:953) ~[spring-beans-5.3.20.jar:5.3.20]
	at org.springframework.context.support.AbstractApplicationContext.finishBeanFactoryInitialization(AbstractApplicationContext.java:918) ~[spring-context-5.3.20.jar:5.3.20]
	at org.springframework.context.support.AbstractApplicationContext.refresh(AbstractApplicationContext.java:583) ~[spring-context-5.3.20.jar:5.3.20]
	at org.springframework.boot.web.servlet.context.ServletWebServerApplicationContext.refresh(ServletWebServerApplicationContext.java:147) ~[spring-boot-2.7.0.jar:2.7.0]
	at org.springframework.boot.SpringApplication.refresh(SpringApplication.java:734) [spring-boot-2.7.0.jar:2.7.0]
	at org.springframework.boot.SpringApplication.refreshContext(SpringApplication.java:408) [spring-boot-2.7.0.jar:2.7.0]
	at org.springframework.boot.SpringApplication.run(SpringApplication.java:308) [spring-boot-2.7.0.jar:2.7.0]
	at org.springframework.boot.SpringApplication.run(SpringApplication.java:1306) [spring-boot-2.7.0.jar:2.7.0]
	at org.springframework.boot.SpringApplication.run(SpringApplication.java:1295) [spring-boot-2.7.0.jar:2.7.0]
	at com.Hospital.patient.PatientApplication.main(PatientApplication.java:17) [classes/:?]
Caused by: org.springframework.beans.BeanInstantiationException: Failed to instantiate [com.Hospital.patient.Controller.HomeController]: Constructor threw exception; nested exception is java.lang.ClassCastException: class org.slf4j.helpers.NOPLogger cannot be cast to class java.util.logging.Logger (org.slf4j.helpers.NOPLogger is in unnamed module of loader 'app'; java.util.logging.Logger is in module java.logging of loader 'bootstrap')
	at org.springframework.beans.BeanUtils.instantiateClass(BeanUtils.java:224) ~[spring-beans-5.3.20.jar:5.3.20]
	at org.springframework.beans.factory.support.SimpleInstantiationStrategy.instantiate(SimpleInstantiationStrategy.java:87) ~[spring-beans-5.3.20.jar:5.3.20]
	at org.springframework.beans.factory.support.AbstractAutowireCapableBeanFactory.instantiateBean(AbstractAutowireCapableBeanFactory.java:1326) ~[spring-beans-5.3.20.jar:5.3.20]
	... 17 more
Caused by: java.lang.ClassCastException: class org.slf4j.helpers.NOPLogger cannot be cast to class java.util.logging.Logger (org.slf4j.helpers.NOPLogger is in unnamed module of loader 'app'; java.util.logging.Logger is in module java.logging of loader 'bootstrap')
	at com.Hospital.patient.Controller.HomeController.<init>(HomeController.java:39) ~[classes/:?]
	at java.base/jdk.internal.reflect.NativeConstructorAccessorImpl.newInstance0(Native Method) ~[?:?]
	at java.base/jdk.internal.reflect.NativeConstructorAccessorImpl.newInstance(NativeConstructorAccessorImpl.java:62) ~[?:?]
	at java.base/jdk.internal.reflect.DelegatingConstructorAccessorImpl.newInstance(DelegatingConstructorAccessorImpl.java:45) ~[?:?]
	at java.base/java.lang.reflect.Constructor.newInstanceWithCaller(Constructor.java:500) ~[?:?]
	at java.base/java.lang.reflect.Constructor.newInstance(Constructor.java:481) ~[?:?]
	at org.springframework.beans.BeanUtils.instantiateClass(BeanUtils.java:211) ~[spring-beans-5.3.20.jar:5.3.20]
	at org.springframework.beans.factory.support.SimpleInstantiationStrategy.instantiate(SimpleInstantiationStrategy.java:87) ~[spring-beans-5.3.20.jar:5.3.20]
	at org.springframework.beans.factory.support.AbstractAutowireCapableBeanFactory.instantiateBean(AbstractAutowireCapableBeanFactory.java:1326) ~[spring-beans-5.3.20.jar:5.3.20]
	... 17 more
2022-May-26 16:19:38 [background-preinit] INFO  o.h.v.i.u.Version                                  - HV000001: Hibernate Validator 6.2.3.Final
2022-May-26 16:19:38 [main] INFO  c.H.p.PatientApplication                           - Starting PatientApplication using Java 13.0.2 on INBL2-DDKS5Q2 with PID 311576 (C:\Users\kuldeep.thakur\Downloads\Patient\patient\target\classes started by kuldeep.thakur in C:\Users\kuldeep.thakur\Downloads\Patient\patient)
2022-May-26 16:19:38 [main] INFO  c.H.p.PatientApplication                           - No active profile set, falling back to 1 default profile: "default"
2022-May-26 16:19:42 [main] INFO  o.s.d.r.c.RepositoryConfigurationDelegate          - Bootstrapping Spring Data JPA repositories in DEFAULT mode.
2022-May-26 16:19:42 [main] INFO  o.s.d.r.c.RepositoryConfigurationDelegate          - Finished Spring Data repository scanning in 156 ms. Found 1 JPA repository interfaces.
2022-May-26 16:19:45 [main] INFO  o.s.b.w.e.t.TomcatWebServer                        - Tomcat initialized with port(s): 8092 (http)
2022-May-26 16:19:46 [main] INFO  o.s.b.w.s.c.ServletWebServerApplicationContext     - Root WebApplicationContext: initialization completed in 7161 ms
2022-May-26 16:19:46 [main] INFO  o.h.j.i.u.LogHelper                                - HHH000204: Processing PersistenceUnitInfo [name: default]
2022-May-26 16:19:46 [main] INFO  o.h.Version                                        - HHH000412: Hibernate ORM core version 5.6.9.Final
2022-May-26 16:19:47 [main] INFO  o.h.a.c.Version                                    - HCANN000001: Hibernate Commons Annotations {5.1.2.Final}
2022-May-26 16:19:48 [main] INFO  o.h.d.Dialect                                      - HHH000400: Using dialect: org.hibernate.dialect.MySQL5InnoDBDialect
2022-May-26 16:19:50 [main] INFO  o.h.e.t.j.p.i.JtaPlatformInitiator                 - HHH000490: Using JtaPlatform implementation: [org.hibernate.engine.transaction.jta.platform.internal.NoJtaPlatform]
2022-May-26 16:19:50 [main] INFO  o.s.o.j.LocalContainerEntityManagerFactoryBean     - Initialized JPA EntityManagerFactory for persistence unit 'default'
2022-May-26 16:19:50 [main] WARN  o.s.b.w.s.c.AnnotationConfigServletWebServerApplicationContext - Exception encountered during context initialization - cancelling refresh attempt: org.springframework.beans.factory.BeanCreationException: Error creating bean with name 'homeController' defined in file [C:\Users\kuldeep.thakur\Downloads\Patient\patient\target\classes\com\Hospital\patient\Controller\HomeController.class]: Instantiation of bean failed; nested exception is org.springframework.beans.BeanInstantiationException: Failed to instantiate [com.Hospital.patient.Controller.HomeController]: Constructor threw exception; nested exception is java.lang.ClassCastException: class org.slf4j.helpers.NOPLogger cannot be cast to class java.util.logging.Logger (org.slf4j.helpers.NOPLogger is in unnamed module of loader 'app'; java.util.logging.Logger is in module java.logging of loader 'bootstrap')
2022-May-26 16:19:50 [main] INFO  o.s.o.j.LocalContainerEntityManagerFactoryBean     - Closing JPA EntityManagerFactory for persistence unit 'default'
2022-May-26 16:19:50 [main] INFO  o.s.b.a.l.ConditionEvaluationReportLoggingListener - 

Error starting ApplicationContext. To display the conditions report re-run your application with 'debug' enabled.
2022-May-26 16:19:50 [main] ERROR o.s.b.SpringApplication                            - Application run failed
org.springframework.beans.factory.BeanCreationException: Error creating bean with name 'homeController' defined in file [C:\Users\kuldeep.thakur\Downloads\Patient\patient\target\classes\com\Hospital\patient\Controller\HomeController.class]: Instantiation of bean failed; nested exception is org.springframework.beans.BeanInstantiationException: Failed to instantiate [com.Hospital.patient.Controller.HomeController]: Constructor threw exception; nested exception is java.lang.ClassCastException: class org.slf4j.helpers.NOPLogger cannot be cast to class java.util.logging.Logger (org.slf4j.helpers.NOPLogger is in unnamed module of loader 'app'; java.util.logging.Logger is in module java.logging of loader 'bootstrap')
	at org.springframework.beans.factory.support.AbstractAutowireCapableBeanFactory.instantiateBean(AbstractAutowireCapableBeanFactory.java:1334) ~[spring-beans-5.3.20.jar:5.3.20]
	at org.springframework.beans.factory.support.AbstractAutowireCapableBeanFactory.createBeanInstance(AbstractAutowireCapableBeanFactory.java:1232) ~[spring-beans-5.3.20.jar:5.3.20]
	at org.springframework.beans.factory.support.AbstractAutowireCapableBeanFactory.doCreateBean(AbstractAutowireCapableBeanFactory.java:582) ~[spring-beans-5.3.20.jar:5.3.20]
	at org.springframework.beans.factory.support.AbstractAutowireCapableBeanFactory.createBean(AbstractAutowireCapableBeanFactory.java:542) ~[spring-beans-5.3.20.jar:5.3.20]
	at org.springframework.beans.factory.support.AbstractBeanFactory.lambda$doGetBean$0(AbstractBeanFactory.java:335) ~[spring-beans-5.3.20.jar:5.3.20]
	at org.springframework.beans.factory.support.DefaultSingletonBeanRegistry.getSingleton(DefaultSingletonBeanRegistry.java:234) ~[spring-beans-5.3.20.jar:5.3.20]
	at org.springframework.beans.factory.support.AbstractBeanFactory.doGetBean(AbstractBeanFactory.java:333) ~[spring-beans-5.3.20.jar:5.3.20]
	at org.springframework.beans.factory.support.AbstractBeanFactory.getBean(AbstractBeanFactory.java:208) ~[spring-beans-5.3.20.jar:5.3.20]
	at org.springframework.beans.factory.support.DefaultListableBeanFactory.preInstantiateSingletons(DefaultListableBeanFactory.java:953) ~[spring-beans-5.3.20.jar:5.3.20]
	at org.springframework.context.support.AbstractApplicationContext.finishBeanFactoryInitialization(AbstractApplicationContext.java:918) ~[spring-context-5.3.20.jar:5.3.20]
	at org.springframework.context.support.AbstractApplicationContext.refresh(AbstractApplicationContext.java:583) ~[spring-context-5.3.20.jar:5.3.20]
	at org.springframework.boot.web.servlet.context.ServletWebServerApplicationContext.refresh(ServletWebServerApplicationContext.java:147) ~[spring-boot-2.7.0.jar:2.7.0]
	at org.springframework.boot.SpringApplication.refresh(SpringApplication.java:734) [spring-boot-2.7.0.jar:2.7.0]
	at org.springframework.boot.SpringApplication.refreshContext(SpringApplication.java:408) [spring-boot-2.7.0.jar:2.7.0]
	at org.springframework.boot.SpringApplication.run(SpringApplication.java:308) [spring-boot-2.7.0.jar:2.7.0]
	at org.springframework.boot.SpringApplication.run(SpringApplication.java:1306) [spring-boot-2.7.0.jar:2.7.0]
	at org.springframework.boot.SpringApplication.run(SpringApplication.java:1295) [spring-boot-2.7.0.jar:2.7.0]
	at com.Hospital.patient.PatientApplication.main(PatientApplication.java:17) [classes/:?]
Caused by: org.springframework.beans.BeanInstantiationException: Failed to instantiate [com.Hospital.patient.Controller.HomeController]: Constructor threw exception; nested exception is java.lang.ClassCastException: class org.slf4j.helpers.NOPLogger cannot be cast to class java.util.logging.Logger (org.slf4j.helpers.NOPLogger is in unnamed module of loader 'app'; java.util.logging.Logger is in module java.logging of loader 'bootstrap')
	at org.springframework.beans.BeanUtils.instantiateClass(BeanUtils.java:224) ~[spring-beans-5.3.20.jar:5.3.20]
	at org.springframework.beans.factory.support.SimpleInstantiationStrategy.instantiate(SimpleInstantiationStrategy.java:87) ~[spring-beans-5.3.20.jar:5.3.20]
	at org.springframework.beans.factory.support.AbstractAutowireCapableBeanFactory.instantiateBean(AbstractAutowireCapableBeanFactory.java:1326) ~[spring-beans-5.3.20.jar:5.3.20]
	... 17 more
Caused by: java.lang.ClassCastException: class org.slf4j.helpers.NOPLogger cannot be cast to class java.util.logging.Logger (org.slf4j.helpers.NOPLogger is in unnamed module of loader 'app'; java.util.logging.Logger is in module java.logging of loader 'bootstrap')
	at com.Hospital.patient.Controller.HomeController.<init>(HomeController.java:39) ~[classes/:?]
	at java.base/jdk.internal.reflect.NativeConstructorAccessorImpl.newInstance0(Native Method) ~[?:?]
	at java.base/jdk.internal.reflect.NativeConstructorAccessorImpl.newInstance(NativeConstructorAccessorImpl.java:62) ~[?:?]
	at java.base/jdk.internal.reflect.DelegatingConstructorAccessorImpl.newInstance(DelegatingConstructorAccessorImpl.java:45) ~[?:?]
	at java.base/java.lang.reflect.Constructor.newInstanceWithCaller(Constructor.java:500) ~[?:?]
	at java.base/java.lang.reflect.Constructor.newInstance(Constructor.java:481) ~[?:?]
	at org.springframework.beans.BeanUtils.instantiateClass(BeanUtils.java:211) ~[spring-beans-5.3.20.jar:5.3.20]
	at org.springframework.beans.factory.support.SimpleInstantiationStrategy.instantiate(SimpleInstantiationStrategy.java:87) ~[spring-beans-5.3.20.jar:5.3.20]
	at org.springframework.beans.factory.support.AbstractAutowireCapableBeanFactory.instantiateBean(AbstractAutowireCapableBeanFactory.java:1326) ~[spring-beans-5.3.20.jar:5.3.20]
	... 17 more
2022-May-26 16:21:05 [main] INFO  c.H.p.PatientApplication                           - Starting PatientApplication using Java 13.0.2 on INBL2-DDKS5Q2 with PID 280648 (C:\Users\kuldeep.thakur\Downloads\Patient\patient\target\classes started by kuldeep.thakur in C:\Users\kuldeep.thakur\Downloads\Patient\patient)
2022-May-26 16:21:05 [main] INFO  c.H.p.PatientApplication                           - No active profile set, falling back to 1 default profile: "default"
2022-May-26 16:21:08 [main] INFO  o.s.d.r.c.RepositoryConfigurationDelegate          - Bootstrapping Spring Data JPA repositories in DEFAULT mode.
2022-May-26 16:21:09 [main] INFO  o.s.d.r.c.RepositoryConfigurationDelegate          - Finished Spring Data repository scanning in 125 ms. Found 1 JPA repository interfaces.
2022-May-26 16:21:11 [main] INFO  o.s.b.w.e.t.TomcatWebServer                        - Tomcat initialized with port(s): 8092 (http)
2022-May-26 16:21:11 [main] INFO  o.s.b.w.s.c.ServletWebServerApplicationContext     - Root WebApplicationContext: initialization completed in 5877 ms
2022-May-26 16:21:15 [main] INFO  o.s.o.j.LocalContainerEntityManagerFactoryBean     - Initialized JPA EntityManagerFactory for persistence unit 'default'
2022-May-26 16:21:15 [main] WARN  o.s.b.w.s.c.AnnotationConfigServletWebServerApplicationContext - Exception encountered during context initialization - cancelling refresh attempt: org.springframework.beans.factory.BeanCreationException: Error creating bean with name 'homeController' defined in file [C:\Users\kuldeep.thakur\Downloads\Patient\patient\target\classes\com\Hospital\patient\Controller\HomeController.class]: Instantiation of bean failed; nested exception is org.springframework.beans.BeanInstantiationException: Failed to instantiate [com.Hospital.patient.Controller.HomeController]: Constructor threw exception; nested exception is java.lang.ClassCastException: class org.slf4j.helpers.NOPLogger cannot be cast to class java.util.logging.Logger (org.slf4j.helpers.NOPLogger is in unnamed module of loader 'app'; java.util.logging.Logger is in module java.logging of loader 'bootstrap')
2022-May-26 16:21:15 [main] INFO  o.s.o.j.LocalContainerEntityManagerFactoryBean     - Closing JPA EntityManagerFactory for persistence unit 'default'
2022-May-26 16:21:15 [main] INFO  o.s.b.a.l.ConditionEvaluationReportLoggingListener - 

Error starting ApplicationContext. To display the conditions report re-run your application with 'debug' enabled.
2022-May-26 16:21:15 [main] ERROR o.s.b.SpringApplication                            - Application run failed
org.springframework.beans.factory.BeanCreationException: Error creating bean with name 'homeController' defined in file [C:\Users\kuldeep.thakur\Downloads\Patient\patient\target\classes\com\Hospital\patient\Controller\HomeController.class]: Instantiation of bean failed; nested exception is org.springframework.beans.BeanInstantiationException: Failed to instantiate [com.Hospital.patient.Controller.HomeController]: Constructor threw exception; nested exception is java.lang.ClassCastException: class org.slf4j.helpers.NOPLogger cannot be cast to class java.util.logging.Logger (org.slf4j.helpers.NOPLogger is in unnamed module of loader 'app'; java.util.logging.Logger is in module java.logging of loader 'bootstrap')
	at org.springframework.beans.factory.support.AbstractAutowireCapableBeanFactory.instantiateBean(AbstractAutowireCapableBeanFactory.java:1334) ~[spring-beans-5.3.20.jar:5.3.20]
	at org.springframework.beans.factory.support.AbstractAutowireCapableBeanFactory.createBeanInstance(AbstractAutowireCapableBeanFactory.java:1232) ~[spring-beans-5.3.20.jar:5.3.20]
	at org.springframework.beans.factory.support.AbstractAutowireCapableBeanFactory.doCreateBean(AbstractAutowireCapableBeanFactory.java:582) ~[spring-beans-5.3.20.jar:5.3.20]
	at org.springframework.beans.factory.support.AbstractAutowireCapableBeanFactory.createBean(AbstractAutowireCapableBeanFactory.java:542) ~[spring-beans-5.3.20.jar:5.3.20]
	at org.springframework.beans.factory.support.AbstractBeanFactory.lambda$doGetBean$0(AbstractBeanFactory.java:335) ~[spring-beans-5.3.20.jar:5.3.20]
	at org.springframework.beans.factory.support.DefaultSingletonBeanRegistry.getSingleton(DefaultSingletonBeanRegistry.java:234) ~[spring-beans-5.3.20.jar:5.3.20]
	at org.springframework.beans.factory.support.AbstractBeanFactory.doGetBean(AbstractBeanFactory.java:333) ~[spring-beans-5.3.20.jar:5.3.20]
	at org.springframework.beans.factory.support.AbstractBeanFactory.getBean(AbstractBeanFactory.java:208) ~[spring-beans-5.3.20.jar:5.3.20]
	at org.springframework.beans.factory.support.DefaultListableBeanFactory.preInstantiateSingletons(DefaultListableBeanFactory.java:953) ~[spring-beans-5.3.20.jar:5.3.20]
	at org.springframework.context.support.AbstractApplicationContext.finishBeanFactoryInitialization(AbstractApplicationContext.java:918) ~[spring-context-5.3.20.jar:5.3.20]
	at org.springframework.context.support.AbstractApplicationContext.refresh(AbstractApplicationContext.java:583) ~[spring-context-5.3.20.jar:5.3.20]
	at org.springframework.boot.web.servlet.context.ServletWebServerApplicationContext.refresh(ServletWebServerApplicationContext.java:147) ~[spring-boot-2.7.0.jar:2.7.0]
	at org.springframework.boot.SpringApplication.refresh(SpringApplication.java:734) [spring-boot-2.7.0.jar:2.7.0]
	at org.springframework.boot.SpringApplication.refreshContext(SpringApplication.java:408) [spring-boot-2.7.0.jar:2.7.0]
	at org.springframework.boot.SpringApplication.run(SpringApplication.java:308) [spring-boot-2.7.0.jar:2.7.0]
	at org.springframework.boot.SpringApplication.run(SpringApplication.java:1306) [spring-boot-2.7.0.jar:2.7.0]
	at org.springframework.boot.SpringApplication.run(SpringApplication.java:1295) [spring-boot-2.7.0.jar:2.7.0]
	at com.Hospital.patient.PatientApplication.main(PatientApplication.java:17) [classes/:?]
Caused by: org.springframework.beans.BeanInstantiationException: Failed to instantiate [com.Hospital.patient.Controller.HomeController]: Constructor threw exception; nested exception is java.lang.ClassCastException: class org.slf4j.helpers.NOPLogger cannot be cast to class java.util.logging.Logger (org.slf4j.helpers.NOPLogger is in unnamed module of loader 'app'; java.util.logging.Logger is in module java.logging of loader 'bootstrap')
	at org.springframework.beans.BeanUtils.instantiateClass(BeanUtils.java:224) ~[spring-beans-5.3.20.jar:5.3.20]
	at org.springframework.beans.factory.support.SimpleInstantiationStrategy.instantiate(SimpleInstantiationStrategy.java:87) ~[spring-beans-5.3.20.jar:5.3.20]
	at org.springframework.beans.factory.support.AbstractAutowireCapableBeanFactory.instantiateBean(AbstractAutowireCapableBeanFactory.java:1326) ~[spring-beans-5.3.20.jar:5.3.20]
	... 17 more
Caused by: java.lang.ClassCastException: class org.slf4j.helpers.NOPLogger cannot be cast to class java.util.logging.Logger (org.slf4j.helpers.NOPLogger is in unnamed module of loader 'app'; java.util.logging.Logger is in module java.logging of loader 'bootstrap')
	at com.Hospital.patient.Controller.HomeController.<init>(HomeController.java:39) ~[classes/:?]
	at java.base/jdk.internal.reflect.NativeConstructorAccessorImpl.newInstance0(Native Method) ~[?:?]
	at java.base/jdk.internal.reflect.NativeConstructorAccessorImpl.newInstance(NativeConstructorAccessorImpl.java:62) ~[?:?]
	at java.base/jdk.internal.reflect.DelegatingConstructorAccessorImpl.newInstance(DelegatingConstructorAccessorImpl.java:45) ~[?:?]
	at java.base/java.lang.reflect.Constructor.newInstanceWithCaller(Constructor.java:500) ~[?:?]
	at java.base/java.lang.reflect.Constructor.newInstance(Constructor.java:481) ~[?:?]
	at org.springframework.beans.BeanUtils.instantiateClass(BeanUtils.java:211) ~[spring-beans-5.3.20.jar:5.3.20]
	at org.springframework.beans.factory.support.SimpleInstantiationStrategy.instantiate(SimpleInstantiationStrategy.java:87) ~[spring-beans-5.3.20.jar:5.3.20]
	at org.springframework.beans.factory.support.AbstractAutowireCapableBeanFactory.instantiateBean(AbstractAutowireCapableBeanFactory.java:1326) ~[spring-beans-5.3.20.jar:5.3.20]
	... 17 more
2022-May-26 16:22:19 [main] INFO  c.H.p.PatientApplication                           - Starting PatientApplication using Java 13.0.2 on INBL2-DDKS5Q2 with PID 316304 (C:\Users\kuldeep.thakur\Downloads\Patient\patient\target\classes started by kuldeep.thakur in C:\Users\kuldeep.thakur\Downloads\Patient\patient)
2022-May-26 16:22:19 [main] INFO  c.H.p.PatientApplication                           - No active profile set, falling back to 1 default profile: "default"
2022-May-26 16:22:22 [main] INFO  o.s.d.r.c.RepositoryConfigurationDelegate          - Bootstrapping Spring Data JPA repositories in DEFAULT mode.
2022-May-26 16:22:22 [main] INFO  o.s.d.r.c.RepositoryConfigurationDelegate          - Finished Spring Data repository scanning in 133 ms. Found 1 JPA repository interfaces.
2022-May-26 16:22:26 [main] INFO  o.s.b.w.e.t.TomcatWebServer                        - Tomcat initialized with port(s): 8092 (http)
2022-May-26 16:22:26 [main] INFO  o.s.b.w.s.c.ServletWebServerApplicationContext     - Root WebApplicationContext: initialization completed in 6715 ms
2022-May-26 16:22:30 [main] INFO  o.s.o.j.LocalContainerEntityManagerFactoryBean     - Initialized JPA EntityManagerFactory for persistence unit 'default'
2022-May-26 16:22:31 [main] WARN  o.s.b.a.o.j.JpaBaseConfiguration$JpaWebConfiguration - spring.jpa.open-in-view is enabled by default. Therefore, database queries may be performed during view rendering. Explicitly configure spring.jpa.open-in-view to disable this warning
2022-May-26 16:22:32 [main] INFO  s.d.s.w.PropertySourcedRequestMappingHandlerMapping - Mapped URL path [/v2/api-docs] onto method [springfox.documentation.swagger2.web.Swagger2Controller#getDocumentation(String, HttpServletRequest)]
2022-May-26 16:22:34 [main] INFO  o.s.b.w.e.t.TomcatWebServer                        - Tomcat started on port(s): 8092 (http) with context path ''
2022-May-26 16:22:34 [main] INFO  c.H.p.PatientApplication                           - Started PatientApplication in 16.062 seconds (JVM running for 18.334)
2022-May-26 16:23:14 [http-nio-8092-exec-1] INFO  o.s.w.s.DispatcherServlet                          - Initializing Servlet 'dispatcherServlet'
2022-May-26 16:23:14 [http-nio-8092-exec-1] INFO  o.s.w.s.DispatcherServlet                          - Completed initialization in 2 ms
2022-May-26 16:25:12 [main] INFO  c.H.p.PatientApplication                           - Starting PatientApplication using Java 13.0.2 on INBL2-DDKS5Q2 with PID 318696 (C:\Users\kuldeep.thakur\Downloads\Patient\patient\target\classes started by kuldeep.thakur in C:\Users\kuldeep.thakur\Downloads\Patient\patient)
2022-May-26 16:25:12 [main] INFO  c.H.p.PatientApplication                           - No active profile set, falling back to 1 default profile: "default"
2022-May-26 16:25:15 [main] INFO  o.s.d.r.c.RepositoryConfigurationDelegate          - Bootstrapping Spring Data JPA repositories in DEFAULT mode.
2022-May-26 16:25:15 [main] INFO  o.s.d.r.c.RepositoryConfigurationDelegate          - Finished Spring Data repository scanning in 93 ms. Found 1 JPA repository interfaces.
2022-May-26 16:25:17 [main] INFO  o.s.b.w.e.t.TomcatWebServer                        - Tomcat initialized with port(s): 8092 (http)
2022-May-26 16:25:17 [main] INFO  o.s.b.w.s.c.ServletWebServerApplicationContext     - Root WebApplicationContext: initialization completed in 5158 ms
2022-May-26 16:25:22 [main] INFO  o.s.o.j.LocalContainerEntityManagerFactoryBean     - Initialized JPA EntityManagerFactory for persistence unit 'default'
2022-May-26 16:25:24 [main] WARN  o.s.b.a.o.j.JpaBaseConfiguration$JpaWebConfiguration - spring.jpa.open-in-view is enabled by default. Therefore, database queries may be performed during view rendering. Explicitly configure spring.jpa.open-in-view to disable this warning
2022-May-26 16:25:24 [main] INFO  s.d.s.w.PropertySourcedRequestMappingHandlerMapping - Mapped URL path [/v2/api-docs] onto method [springfox.documentation.swagger2.web.Swagger2Controller#getDocumentation(String, HttpServletRequest)]
2022-May-26 16:25:27 [main] INFO  o.s.b.w.e.t.TomcatWebServer                        - Tomcat started on port(s): 8092 (http) with context path ''
2022-May-26 16:25:27 [main] INFO  c.H.p.PatientApplication                           - Started PatientApplication in 16.092 seconds (JVM running for 17.61)
2022-May-26 16:26:05 [main] INFO  c.H.p.PatientApplication                           - Starting PatientApplication using Java 13.0.2 on INBL2-DDKS5Q2 with PID 320312 (C:\Users\kuldeep.thakur\Downloads\Patient\patient\target\classes started by kuldeep.thakur in C:\Users\kuldeep.thakur\Downloads\Patient\patient)
2022-May-26 16:26:05 [main] INFO  c.H.p.PatientApplication                           - No active profile set, falling back to 1 default profile: "default"
2022-May-26 16:26:07 [main] INFO  o.s.d.r.c.RepositoryConfigurationDelegate          - Bootstrapping Spring Data JPA repositories in DEFAULT mode.
2022-May-26 16:26:07 [main] INFO  o.s.d.r.c.RepositoryConfigurationDelegate          - Finished Spring Data repository scanning in 149 ms. Found 1 JPA repository interfaces.
2022-May-26 16:26:10 [main] INFO  o.s.b.w.e.t.TomcatWebServer                        - Tomcat initialized with port(s): 8092 (http)
2022-May-26 16:26:10 [main] INFO  o.s.b.w.s.c.ServletWebServerApplicationContext     - Root WebApplicationContext: initialization completed in 5721 ms
2022-May-26 16:26:14 [main] INFO  o.s.o.j.LocalContainerEntityManagerFactoryBean     - Initialized JPA EntityManagerFactory for persistence unit 'default'
2022-May-26 16:26:15 [main] WARN  o.s.b.a.o.j.JpaBaseConfiguration$JpaWebConfiguration - spring.jpa.open-in-view is enabled by default. Therefore, database queries may be performed during view rendering. Explicitly configure spring.jpa.open-in-view to disable this warning
2022-May-26 16:26:15 [main] INFO  s.d.s.w.PropertySourcedRequestMappingHandlerMapping - Mapped URL path [/v2/api-docs] onto method [springfox.documentation.swagger2.web.Swagger2Controller#getDocumentation(String, HttpServletRequest)]
2022-May-26 16:26:16 [main] INFO  o.s.b.w.e.t.TomcatWebServer                        - Tomcat started on port(s): 8092 (http) with context path ''
2022-May-26 16:26:17 [main] INFO  c.H.p.PatientApplication                           - Started PatientApplication in 13.206 seconds (JVM running for 15.201)
2022-May-26 16:26:54 [http-nio-8092-exec-2] INFO  o.s.w.s.DispatcherServlet                          - Initializing Servlet 'dispatcherServlet'
2022-May-26 16:26:54 [http-nio-8092-exec-2] INFO  o.s.w.s.DispatcherServlet                          - Completed initialization in 3 ms
2022-May-26 19:15:32 [main] INFO  c.H.p.PatientApplication                           - Starting PatientApplication using Java 13.0.2 on INBL2-DDKS5Q2 with PID 343480 (C:\Users\kuldeep.thakur\Downloads\Patient\patient\target\classes started by kuldeep.thakur in C:\Users\kuldeep.thakur\Downloads\Patient\patient)
2022-May-26 19:15:32 [main] INFO  c.H.p.PatientApplication                           - No active profile set, falling back to 1 default profile: "default"
2022-May-26 19:15:36 [main] INFO  o.s.d.r.c.RepositoryConfigurationDelegate          - Bootstrapping Spring Data JPA repositories in DEFAULT mode.
2022-May-26 19:15:37 [main] INFO  o.s.d.r.c.RepositoryConfigurationDelegate          - Finished Spring Data repository scanning in 326 ms. Found 1 JPA repository interfaces.
2022-May-26 19:15:41 [main] INFO  o.s.b.w.e.t.TomcatWebServer                        - Tomcat initialized with port(s): 8092 (http)
2022-May-26 19:15:42 [main] INFO  o.s.b.w.s.c.ServletWebServerApplicationContext     - Root WebApplicationContext: initialization completed in 9658 ms
2022-May-26 19:15:47 [main] INFO  o.s.o.j.LocalContainerEntityManagerFactoryBean     - Initialized JPA EntityManagerFactory for persistence unit 'default'
2022-May-26 19:15:49 [main] WARN  o.s.b.a.o.j.JpaBaseConfiguration$JpaWebConfiguration - spring.jpa.open-in-view is enabled by default. Therefore, database queries may be performed during view rendering. Explicitly configure spring.jpa.open-in-view to disable this warning
2022-May-26 19:15:50 [main] INFO  s.d.s.w.PropertySourcedRequestMappingHandlerMapping - Mapped URL path [/v2/api-docs] onto method [springfox.documentation.swagger2.web.Swagger2Controller#getDocumentation(String, HttpServletRequest)]
2022-May-26 19:15:54 [main] INFO  o.s.b.w.e.t.TomcatWebServer                        - Tomcat started on port(s): 8092 (http) with context path ''
2022-May-26 19:15:55 [main] INFO  c.H.p.PatientApplication                           - Started PatientApplication in 23.894 seconds (JVM running for 25.816)
2022-May-26 19:16:53 [http-nio-8092-exec-1] INFO  o.s.w.s.DispatcherServlet                          - Initializing Servlet 'dispatcherServlet'
2022-May-26 19:16:53 [http-nio-8092-exec-1] INFO  o.s.w.s.DispatcherServlet                          - Completed initialization in 2 ms
2022-May-26 19:14:25 [main] INFO  c.H.p.PatientApplication                           - Starting PatientApplication using Java 13.0.2 on INBL2-DDKS5Q2 with PID 348536 (C:\Users\kuldeep.thakur\Downloads\Patient\patient\target\classes started by kuldeep.thakur in C:\Users\kuldeep.thakur\Downloads\Patient\patient)
2022-May-26 19:14:25 [main] INFO  c.H.p.PatientApplication                           - No active profile set, falling back to 1 default profile: "default"
2022-May-26 19:14:28 [main] INFO  o.s.d.r.c.RepositoryConfigurationDelegate          - Bootstrapping Spring Data JPA repositories in DEFAULT mode.
2022-May-26 19:14:28 [main] INFO  o.s.d.r.c.RepositoryConfigurationDelegate          - Finished Spring Data repository scanning in 143 ms. Found 1 JPA repository interfaces.
2022-May-26 19:14:34 [main] INFO  o.s.b.w.e.t.TomcatWebServer                        - Tomcat initialized with port(s): 8092 (http)
2022-May-26 19:14:34 [main] INFO  o.s.b.w.s.c.ServletWebServerApplicationContext     - Root WebApplicationContext: initialization completed in 9351 ms
2022-May-26 19:14:41 [main] INFO  o.s.o.j.LocalContainerEntityManagerFactoryBean     - Initialized JPA EntityManagerFactory for persistence unit 'default'
2022-May-26 19:14:43 [main] WARN  o.s.b.a.o.j.JpaBaseConfiguration$JpaWebConfiguration - spring.jpa.open-in-view is enabled by default. Therefore, database queries may be performed during view rendering. Explicitly configure spring.jpa.open-in-view to disable this warning
2022-May-26 19:14:44 [main] INFO  s.d.s.w.PropertySourcedRequestMappingHandlerMapping - Mapped URL path [/v2/api-docs] onto method [springfox.documentation.swagger2.web.Swagger2Controller#getDocumentation(String, HttpServletRequest)]
2022-May-26 19:14:50 [main] INFO  o.s.b.w.e.t.TomcatWebServer                        - Tomcat started on port(s): 8092 (http) with context path ''
2022-May-26 19:14:51 [main] INFO  c.H.p.PatientApplication                           - Started PatientApplication in 27.396 seconds (JVM running for 29.135)
2022-May-26 19:14:58 [http-nio-8092-exec-3] INFO  o.s.w.s.DispatcherServlet                          - Initializing Servlet 'dispatcherServlet'
2022-May-26 19:14:58 [http-nio-8092-exec-3] INFO  o.s.w.s.DispatcherServlet                          - Completed initialization in 1 ms
